android-app/app/build/intermediates/manifest_merge_blame_file/debug/manifest-merger-blame-debug-report.txt
1<?xml version="1.0" encoding="utf-8"?>
2<manifest xmlns:android="http://schemas.android.com/apk/res/android"
3    package="com.zszz.legion"
4    android:versionCode="1"
5    android:versionName="1.0" >
6
7    <uses-sdk
8        android:minSdkVersion="24"
9        android:targetSdkVersion="34" />
10
11    <uses-permission android:name="android.permission.INTERNET" />
11-->src/main/AndroidManifest.xml:5:5-67
11-->src/main/AndroidManifest.xml:5:22-64
12
13    <application
13-->src/main/AndroidManifest.xml:7:5-22:19
14        android:allowBackup="true"
14-->src/main/AndroidManifest.xml:11:9-35
15        android:debuggable="true"
16        android:extractNativeLibs="false"
17        android:icon="@drawable/ic_launcher"
17-->src/main/AndroidManifest.xml:9:9-45
18        android:label="终神之战：军团"
18-->src/main/AndroidManifest.xml:8:9-32
19        android:usesCleartextTraffic="true" >
19-->src/main/AndroidManifest.xml:10:9-44
20        <activity
20-->src/main/AndroidManifest.xml:12:9-21:20
21            android:name="com.zszz.legion.MainActivity"
21-->src/main/AndroidManifest.xml:13:13-41
22            android:configChanges="orientation|screenSize|keyboardHidden"
22-->src/main/AndroidManifest.xml:15:13-74
23            android:exported="true"
23-->src/main/AndroidManifest.xml:14:13-36
24            android:screenOrientation="landscape" >
24-->src/main/AndroidManifest.xml:16:13-50
25            <intent-filter>
25-->src/main/AndroidManifest.xml:17:13-20:29
26                <action android:name="android.intent.action.MAIN" />
26-->src/main/AndroidManifest.xml:18:17-69
26-->src/main/AndroidManifest.xml:18:25-66
27
28                <category android:name="android.intent.category.LAUNCHER" />
28-->src/main/AndroidManifest.xml:19:17-77
28-->src/main/AndroidManifest.xml:19:27-74
29            </intent-filter>
30        </activity>
31    </application>
32
33</manifest>